Arguments: 
  C:\Program Files\nodejs\node.exe C:\Users\intern.tdaitrieu\AppData\Roaming\npm\node_modules\yarn\bin\yarn.js add redux@4.0.5 react-redux@7.2.2

PATH: 
  C:\ProgramData\Oracle\Java\javapath;C:\windows\system32;C:\windows;C:\windows\System32\Wbem;C:\windows\System32\WindowsPowerShell\v1.0\;C:\windows\System32\OpenSSH\;C:\Program Files\nodejs\;C:\Program Files\Git\cmd;C:\Program Files\TortoiseGit\bin;C:\Program Files\Microsoft SQL Server\150\Tools\Binn\;C:\Program Files\Microsoft SQL Server\Client SDK\ODBC\170\Tools\Binn\;C:\Program Files\dotnet\;C:\Users\intern.tdaitrieu\AppData\Local\Microsoft\WindowsApps;C:\Users\intern.tdaitrieu\AppData\Local\Programs\Microsoft VS Code\bin;C:\Users\intern.tdaitrieu\AppData\Roaming\npm;C:\Program Files\Git\bin\;C:\Program Files\Git\cmd\;C:\Users\intern.tdaitrieu\.dotnet\tools

Yarn version: 
  1.22.18

Node version: 
  16.14.2

Platform: 
  win32 x64

Trace: 
  Error: EPERM: operation not permitted, copyfile 'C:\Users\intern.tdaitrieu\AppData\Local\Yarn\Cache\v6\npm-eslint-8.13.0-6fcea43b6811e655410f5626cfcf328016badcd7-integrity\node_modules\eslint\package.json' -> 'C:\Users\intern.tdaitrieu\react\redux-to-do-list\to-do-list\node_modules\eslint\package.json'

npm manifest: 
  {
    "name": "to-do-list",
    "version": "0.1.0",
    "private": true,
    "dependencies": {
      "@testing-library/jest-dom": "^5.16.4",
      "@testing-library/react": "^13.1.1",
      "@testing-library/user-event": "^13.5.0",
      "react": "^18.0.0",
      "react-dom": "^18.0.0",
      "react-scripts": "5.0.1",
      "web-vitals": "^2.1.4"
    },
    "scripts": {
      "start": "react-scripts start",
      "build": "react-scripts build",
      "test": "react-scripts test",
      "eject": "react-scripts eject"
    },
    "eslintConfig": {
      "extends": [
        "react-app",
        "react-app/jest"
      ]
    },
    "browserslist": {
      "production": [
        ">0.2%",
        "not dead",
        "not op_mini all"
      ],
      "development": [
        "last 1 chrome version",
        "last 1 firefox version",
        "last 1 safari version"
      ]
    }
  }

yarn manifest: 
  No manifest

Lockfile: 
  No lockfile
